生成启动时间为 2019/5/2 16:25:24。
     1>项目“F:\2myb的c程序\vs\c++\小作业(单链表)\小作业(单链表)\小作业(单链表).vcxproj”在节点 2 上(Build 个目标)。
     1>ClCompile:
         E:\VS\VC\bin\CL.exe /c /ZI /nologo /W3 /WX- /Od /Oy- /D WIN32 /D _DEBUG /D _CONSOLE /D _LIB /D _UNICODE /D UNICODE /Gm /EHsc /RTC1 /MDd /GS /fp:precise /Zc:wchar_t /Zc:forScope /Fo"Debug\\" /Fd"Debug\vc120.pdb" /Gd /TC /analyze- /errorReport:prompt Main.c
         Main.c
     1>f:\2myb的c程序\vs\c++\小作业(单链表)\小作业(单链表)\main.c(201): warning C4996: 'scanf': This function or variable may be unsafe. Consider using scanf_s instead. To disable deprecation, use _CRT_SECURE_NO_WARNINGS. See online help for details.
                 e:\vs\vc\include\stdio.h(283) : 参见“scanf”的声明
     1>f:\2myb的c程序\vs\c++\小作业(单链表)\小作业(单链表)\main.c(213): warning C4996: 'scanf': This function or variable may be unsafe. Consider using scanf_s instead. To disable deprecation, use _CRT_SECURE_NO_WARNINGS. See online help for details.
                 e:\vs\vc\include\stdio.h(283) : 参见“scanf”的声明
     1>f:\2myb的c程序\vs\c++\小作业(单链表)\小作业(单链表)\main.c(266): warning C4996: 'scanf': This function or variable may be unsafe. Consider using scanf_s instead. To disable deprecation, use _CRT_SECURE_NO_WARNINGS. See online help for details.
                 e:\vs\vc\include\stdio.h(283) : 参见“scanf”的声明
     1>f:\2myb的c程序\vs\c++\小作业(单链表)\小作业(单链表)\main.c(294): warning C4996: 'scanf': This function or variable may be unsafe. Consider using scanf_s instead. To disable deprecation, use _CRT_SECURE_NO_WARNINGS. See online help for details.
                 e:\vs\vc\include\stdio.h(283) : 参见“scanf”的声明
     1>f:\2myb的c程序\vs\c++\小作业(单链表)\小作业(单链表)\main.c(315): warning C4996: 'scanf': This function or variable may be unsafe. Consider using scanf_s instead. To disable deprecation, use _CRT_SECURE_NO_WARNINGS. See online help for details.
                 e:\vs\vc\include\stdio.h(283) : 参见“scanf”的声明
     1>f:\2myb的c程序\vs\c++\小作业(单链表)\小作业(单链表)\main.c(329): warning C4996: 'scanf': This function or variable may be unsafe. Consider using scanf_s instead. To disable deprecation, use _CRT_SECURE_NO_WARNINGS. See online help for details.
                 e:\vs\vc\include\stdio.h(283) : 参见“scanf”的声明
       Link:
         E:\VS\VC\bin\link.exe /ERRORREPORT:PROMPT /OUT:"F:\2myb的c程序\vs\c++\小作业(单链表)\Debug\小作业(单链表).exe" /INCREMENTAL /NOLOGO kernel32.lib user32.lib gdi32.lib winspool.lib comdlg32.lib advapi32.lib shell32.lib ole32.lib oleaut32.lib uuid.lib odbc32.lib odbccp32.lib /MANIFEST /MANIFESTUAC:"level='asInvoker' uiAccess='false'" /manifest:embed /DEBUG /PDB:"F:\2myb的c程序\vs\c++\小作业(单链表)\Debug\小作业(单链表).pdb" /SUBSYSTEM:CONSOLE /TLBID:1 /DYNAMICBASE /NXCOMPAT /IMPLIB:"F:\2myb的c程序\vs\c++\小作业(单链表)\Debug\小作业(单链表).lib" /MACHINE:X86 Debug\Main.obj
         小作业(单链表).vcxproj -> F:\2myb的c程序\vs\c++\小作业(单链表)\Debug\小作业(单链表).exe
     1>已完成生成项目“F:\2myb的c程序\vs\c++\小作业(单链表)\小作业(单链表)\小作业(单链表).vcxproj”(Build 个目标)的操作。

生成成功。

已用时间 00:00:00.90
