生成启动时间为 2019/6/26 16:41:04。
     1>项目“C:\Users\lenovo\Desktop\supermyb\电话号码查找系统\电话号码查找系统\电话号码查找系统.vcxproj”在节点 2 上(Build 个目标)。
     1>ClCompile:
         E:\VS\VC\bin\CL.exe /c /ZI /nologo /W3 /WX- /Od /Oy- /D WIN32 /D _DEBUG /D _CONSOLE /D _LIB /D _UNICODE /D UNICODE /Gm /EHsc /RTC1 /MDd /GS /fp:precise /Zc:wchar_t /Zc:forScope /Fo"Debug\\" /Fd"Debug\vc120.pdb" /Gd /TP /analyze- /errorReport:prompt Hash.cpp Main.cpp Menu.cpp
         Hash.cpp
     1>c:\users\lenovo\desktop\supermyb\电话号码查找系统\电话号码查找系统\hash.cpp(128): warning C4996: 'fopen': This function or variable may be unsafe. Consider using fopen_s instead. To disable deprecation, use _CRT_SECURE_NO_WARNINGS. See online help for details.
                 e:\vs\vc\include\stdio.h(211) : 参见“fopen”的声明
     1>c:\users\lenovo\desktop\supermyb\电话号码查找系统\电话号码查找系统\hash.cpp(129): warning C4996: 'fopen': This function or variable may be unsafe. Consider using fopen_s instead. To disable deprecation, use _CRT_SECURE_NO_WARNINGS. See online help for details.
                 e:\vs\vc\include\stdio.h(211) : 参见“fopen”的声明
     1>c:\users\lenovo\desktop\supermyb\电话号码查找系统\电话号码查找系统\hash.cpp(352): warning C4996: 'fopen': This function or variable may be unsafe. Consider using fopen_s instead. To disable deprecation, use _CRT_SECURE_NO_WARNINGS. See online help for details.
                 e:\vs\vc\include\stdio.h(211) : 参见“fopen”的声明
     1>c:\users\lenovo\desktop\supermyb\电话号码查找系统\电话号码查找系统\hash.cpp(361): warning C4996: 'fopen': This function or variable may be unsafe. Consider using fopen_s instead. To disable deprecation, use _CRT_SECURE_NO_WARNINGS. See online help for details.
                 e:\vs\vc\include\stdio.h(211) : 参见“fopen”的声明
         正在生成代码...
         正在编译...
         Menu.cpp
     1>c:\users\lenovo\desktop\supermyb\电话号码查找系统\电话号码查找系统\menu.cpp(37): warning C4996: 'scanf': This function or variable may be unsafe. Consider using scanf_s instead. To disable deprecation, use _CRT_SECURE_NO_WARNINGS. See online help for details.
                 e:\vs\vc\include\stdio.h(283) : 参见“scanf”的声明
     1>c:\users\lenovo\desktop\supermyb\电话号码查找系统\电话号码查找系统\menu.cpp(57): warning C4996: 'scanf': This function or variable may be unsafe. Consider using scanf_s instead. To disable deprecation, use _CRT_SECURE_NO_WARNINGS. See online help for details.
                 e:\vs\vc\include\stdio.h(283) : 参见“scanf”的声明
     1>c:\users\lenovo\desktop\supermyb\电话号码查找系统\电话号码查找系统\menu.cpp(66): warning C4996: 'scanf': This function or variable may be unsafe. Consider using scanf_s instead. To disable deprecation, use _CRT_SECURE_NO_WARNINGS. See online help for details.
                 e:\vs\vc\include\stdio.h(283) : 参见“scanf”的声明
     1>c:\users\lenovo\desktop\supermyb\电话号码查找系统\电话号码查找系统\menu.cpp(74): warning C4269: “x”: 用编译器生成的默认构造函数初始化的“const”自动数据产生不可靠的结果
     1>c:\users\lenovo\desktop\supermyb\电话号码查找系统\电话号码查找系统\menu.cpp(76): warning C4996: 'scanf': This function or variable may be unsafe. Consider using scanf_s instead. To disable deprecation, use _CRT_SECURE_NO_WARNINGS. See online help for details.
                 e:\vs\vc\include\stdio.h(283) : 参见“scanf”的声明
     1>c:\users\lenovo\desktop\supermyb\电话号码查找系统\电话号码查找系统\menu.cpp(78): warning C4996: 'scanf': This function or variable may be unsafe. Consider using scanf_s instead. To disable deprecation, use _CRT_SECURE_NO_WARNINGS. See online help for details.
                 e:\vs\vc\include\stdio.h(283) : 参见“scanf”的声明
     1>c:\users\lenovo\desktop\supermyb\电话号码查找系统\电话号码查找系统\menu.cpp(80): warning C4996: 'scanf': This function or variable may be unsafe. Consider using scanf_s instead. To disable deprecation, use _CRT_SECURE_NO_WARNINGS. See online help for details.
                 e:\vs\vc\include\stdio.h(283) : 参见“scanf”的声明
     1>c:\users\lenovo\desktop\supermyb\电话号码查找系统\电话号码查找系统\menu.cpp(114): warning C4996: 'scanf': This function or variable may be unsafe. Consider using scanf_s instead. To disable deprecation, use _CRT_SECURE_NO_WARNINGS. See online help for details.
                 e:\vs\vc\include\stdio.h(283) : 参见“scanf”的声明
         Main.cpp
         正在生成代码...
       Link:
         E:\VS\VC\bin\link.exe /ERRORREPORT:PROMPT /OUT:"C:\Users\lenovo\Desktop\supermyb\电话号码查找系统\Debug\电话号码查找系统.exe" /INCREMENTAL /NOLOGO kernel32.lib user32.lib gdi32.lib winspool.lib comdlg32.lib advapi32.lib shell32.lib ole32.lib oleaut32.lib uuid.lib odbc32.lib odbccp32.lib /MANIFEST /MANIFESTUAC:"level='asInvoker' uiAccess='false'" /manifest:embed /DEBUG /PDB:"C:\Users\lenovo\Desktop\supermyb\电话号码查找系统\Debug\电话号码查找系统.pdb" /SUBSYSTEM:CONSOLE /TLBID:1 /DYNAMICBASE /NXCOMPAT /IMPLIB:"C:\Users\lenovo\Desktop\supermyb\电话号码查找系统\Debug\电话号码查找系统.lib" /MACHINE:X86 Debug\Hash.obj
         Debug\Main.obj
         Debug\Menu.obj
         电话号码查找系统.vcxproj -> C:\Users\lenovo\Desktop\supermyb\电话号码查找系统\Debug\电话号码查找系统.exe
     1>已完成生成项目“C:\Users\lenovo\Desktop\supermyb\电话号码查找系统\电话号码查找系统\电话号码查找系统.vcxproj”(Build 个目标)的操作。

生成成功。

已用时间 00:00:01.83
