生成启动时间为 2019/6/26 15:07:03。
     1>项目“C:\Users\lenovo\Desktop\supermyb\通讯录myb\通讯录myb\通讯录myb.vcxproj”在节点 2 上(Build 个目标)。
     1>ClCompile:
         E:\VS\VC\bin\CL.exe /c /ZI /nologo /W3 /WX- /Od /Oy- /D WIN32 /D _DEBUG /D _CONSOLE /D _LIB /D _UNICODE /D UNICODE /Gm /EHsc /RTC1 /MDd /GS /fp:precise /Zc:wchar_t /Zc:forScope /Fo"Debug\\" /Fd"Debug\vc120.pdb" /Gd /TP /analyze- /errorReport:prompt Contact.cpp Menu.cpp
         Menu.cpp
     1>c:\users\lenovo\desktop\supermyb\通讯录myb\通讯录myb\menu.cpp(37): warning C4996: 'scanf': This function or variable may be unsafe. Consider using scanf_s instead. To disable deprecation, use _CRT_SECURE_NO_WARNINGS. See online help for details.
                 e:\vs\vc\include\stdio.h(283) : 参见“scanf”的声明
     1>c:\users\lenovo\desktop\supermyb\通讯录myb\通讯录myb\menu.cpp(56): warning C4996: 'scanf': This function or variable may be unsafe. Consider using scanf_s instead. To disable deprecation, use _CRT_SECURE_NO_WARNINGS. See online help for details.
                 e:\vs\vc\include\stdio.h(283) : 参见“scanf”的声明
     1>c:\users\lenovo\desktop\supermyb\通讯录myb\通讯录myb\menu.cpp(65): warning C4996: 'scanf': This function or variable may be unsafe. Consider using scanf_s instead. To disable deprecation, use _CRT_SECURE_NO_WARNINGS. See online help for details.
                 e:\vs\vc\include\stdio.h(283) : 参见“scanf”的声明
     1>c:\users\lenovo\desktop\supermyb\通讯录myb\通讯录myb\menu.cpp(74): warning C4269: “p”: 用编译器生成的默认构造函数初始化的“const”自动数据产生不可靠的结果
     1>c:\users\lenovo\desktop\supermyb\通讯录myb\通讯录myb\menu.cpp(76): warning C4996: 'scanf': This function or variable may be unsafe. Consider using scanf_s instead. To disable deprecation, use _CRT_SECURE_NO_WARNINGS. See online help for details.
                 e:\vs\vc\include\stdio.h(283) : 参见“scanf”的声明
     1>c:\users\lenovo\desktop\supermyb\通讯录myb\通讯录myb\menu.cpp(78): warning C4996: 'scanf': This function or variable may be unsafe. Consider using scanf_s instead. To disable deprecation, use _CRT_SECURE_NO_WARNINGS. See online help for details.
                 e:\vs\vc\include\stdio.h(283) : 参见“scanf”的声明
     1>c:\users\lenovo\desktop\supermyb\通讯录myb\通讯录myb\menu.cpp(80): warning C4996: 'scanf': This function or variable may be unsafe. Consider using scanf_s instead. To disable deprecation, use _CRT_SECURE_NO_WARNINGS. See online help for details.
                 e:\vs\vc\include\stdio.h(283) : 参见“scanf”的声明
     1>c:\users\lenovo\desktop\supermyb\通讯录myb\通讯录myb\menu.cpp(82): warning C4996: 'scanf': This function or variable may be unsafe. Consider using scanf_s instead. To disable deprecation, use _CRT_SECURE_NO_WARNINGS. See online help for details.
                 e:\vs\vc\include\stdio.h(283) : 参见“scanf”的声明
     1>c:\users\lenovo\desktop\supermyb\通讯录myb\通讯录myb\menu.cpp(84): warning C4996: 'scanf': This function or variable may be unsafe. Consider using scanf_s instead. To disable deprecation, use _CRT_SECURE_NO_WARNINGS. See online help for details.
                 e:\vs\vc\include\stdio.h(283) : 参见“scanf”的声明
     1>c:\users\lenovo\desktop\supermyb\通讯录myb\通讯录myb\menu.cpp(118): warning C4996: 'scanf': This function or variable may be unsafe. Consider using scanf_s instead. To disable deprecation, use _CRT_SECURE_NO_WARNINGS. See online help for details.
                 e:\vs\vc\include\stdio.h(283) : 参见“scanf”的声明
         Contact.cpp
     1>c:\users\lenovo\desktop\supermyb\通讯录myb\通讯录myb\contact.cpp(28): warning C4996: 'fopen': This function or variable may be unsafe. Consider using fopen_s instead. To disable deprecation, use _CRT_SECURE_NO_WARNINGS. See online help for details.
                 e:\vs\vc\include\stdio.h(211) : 参见“fopen”的声明
     1>c:\users\lenovo\desktop\supermyb\通讯录myb\通讯录myb\contact.cpp(29): warning C4996: 'fopen': This function or variable may be unsafe. Consider using fopen_s instead. To disable deprecation, use _CRT_SECURE_NO_WARNINGS. See online help for details.
                 e:\vs\vc\include\stdio.h(211) : 参见“fopen”的声明
     1>c:\users\lenovo\desktop\supermyb\通讯录myb\通讯录myb\contact.cpp(46): warning C4996: 'strcpy': This function or variable may be unsafe. Consider using strcpy_s instead. To disable deprecation, use _CRT_SECURE_NO_WARNINGS. See online help for details.
                 e:\vs\vc\include\string.h(112) : 参见“strcpy”的声明
     1>c:\users\lenovo\desktop\supermyb\通讯录myb\通讯录myb\contact.cpp(47): warning C4996: 'strcpy': This function or variable may be unsafe. Consider using strcpy_s instead. To disable deprecation, use _CRT_SECURE_NO_WARNINGS. See online help for details.
                 e:\vs\vc\include\string.h(112) : 参见“strcpy”的声明
     1>c:\users\lenovo\desktop\supermyb\通讯录myb\通讯录myb\contact.cpp(48): warning C4996: 'strcpy': This function or variable may be unsafe. Consider using strcpy_s instead. To disable deprecation, use _CRT_SECURE_NO_WARNINGS. See online help for details.
                 e:\vs\vc\include\string.h(112) : 参见“strcpy”的声明
     1>c:\users\lenovo\desktop\supermyb\通讯录myb\通讯录myb\contact.cpp(49): warning C4996: 'strcpy': This function or variable may be unsafe. Consider using strcpy_s instead. To disable deprecation, use _CRT_SECURE_NO_WARNINGS. See online help for details.
                 e:\vs\vc\include\string.h(112) : 参见“strcpy”的声明
     1>c:\users\lenovo\desktop\supermyb\通讯录myb\通讯录myb\contact.cpp(50): warning C4996: 'strcpy': This function or variable may be unsafe. Consider using strcpy_s instead. To disable deprecation, use _CRT_SECURE_NO_WARNINGS. See online help for details.
                 e:\vs\vc\include\string.h(112) : 参见“strcpy”的声明
     1>c:\users\lenovo\desktop\supermyb\通讯录myb\通讯录myb\contact.cpp(64): warning C4996: 'strcpy': This function or variable may be unsafe. Consider using strcpy_s instead. To disable deprecation, use _CRT_SECURE_NO_WARNINGS. See online help for details.
                 e:\vs\vc\include\string.h(112) : 参见“strcpy”的声明
     1>c:\users\lenovo\desktop\supermyb\通讯录myb\通讯录myb\contact.cpp(65): warning C4996: 'strcpy': This function or variable may be unsafe. Consider using strcpy_s instead. To disable deprecation, use _CRT_SECURE_NO_WARNINGS. See online help for details.
                 e:\vs\vc\include\string.h(112) : 参见“strcpy”的声明
     1>c:\users\lenovo\desktop\supermyb\通讯录myb\通讯录myb\contact.cpp(66): warning C4996: 'strcpy': This function or variable may be unsafe. Consider using strcpy_s instead. To disable deprecation, use _CRT_SECURE_NO_WARNINGS. See online help for details.
                 e:\vs\vc\include\string.h(112) : 参见“strcpy”的声明
     1>c:\users\lenovo\desktop\supermyb\通讯录myb\通讯录myb\contact.cpp(67): warning C4996: 'strcpy': This function or variable may be unsafe. Consider using strcpy_s instead. To disable deprecation, use _CRT_SECURE_NO_WARNINGS. See online help for details.
                 e:\vs\vc\include\string.h(112) : 参见“strcpy”的声明
     1>c:\users\lenovo\desktop\supermyb\通讯录myb\通讯录myb\contact.cpp(68): warning C4996: 'strcpy': This function or variable may be unsafe. Consider using strcpy_s instead. To disable deprecation, use _CRT_SECURE_NO_WARNINGS. See online help for details.
                 e:\vs\vc\include\string.h(112) : 参见“strcpy”的声明
     1>c:\users\lenovo\desktop\supermyb\通讯录myb\通讯录myb\contact.cpp(127): warning C4996: 'fopen': This function or variable may be unsafe. Consider using fopen_s instead. To disable deprecation, use _CRT_SECURE_NO_WARNINGS. See online help for details.
                 e:\vs\vc\include\stdio.h(211) : 参见“fopen”的声明
     1>c:\users\lenovo\desktop\supermyb\通讯录myb\通讯录myb\contact.cpp(133): warning C4996: 'fopen': This function or variable may be unsafe. Consider using fopen_s instead. To disable deprecation, use _CRT_SECURE_NO_WARNINGS. See online help for details.
                 e:\vs\vc\include\stdio.h(211) : 参见“fopen”的声明
         正在生成代码...
       Link:
         E:\VS\VC\bin\link.exe /ERRORREPORT:PROMPT /OUT:"C:\Users\lenovo\Desktop\supermyb\通讯录myb\Debug\通讯录myb.exe" /INCREMENTAL /NOLOGO kernel32.lib user32.lib gdi32.lib winspool.lib comdlg32.lib advapi32.lib shell32.lib ole32.lib oleaut32.lib uuid.lib odbc32.lib odbccp32.lib /MANIFEST /MANIFESTUAC:"level='asInvoker' uiAccess='false'" /manifest:embed /DEBUG /PDB:"C:\Users\lenovo\Desktop\supermyb\通讯录myb\Debug\通讯录myb.pdb" /SUBSYSTEM:CONSOLE /TLBID:1 /DYNAMICBASE /NXCOMPAT /IMPLIB:"C:\Users\lenovo\Desktop\supermyb\通讯录myb\Debug\通讯录myb.lib" /MACHINE:X86 Debug\Contact.obj
         Debug\Main.obj
         Debug\Menu.obj
         通讯录myb.vcxproj -> C:\Users\lenovo\Desktop\supermyb\通讯录myb\Debug\通讯录myb.exe
     1>已完成生成项目“C:\Users\lenovo\Desktop\supermyb\通讯录myb\通讯录myb\通讯录myb.vcxproj”(Build 个目标)的操作。

生成成功。

已用时间 00:00:01.55
