生成启动时间为 2019/1/21 22:31:36。
     1>项目“E:\2myb的c程序\vs\数据结构\链表练习\链表练习\链表练习.vcxproj”在节点 2 上(Build 个目标)。
     1>ClCompile:
         D:\VS\VC\bin\CL.exe /c /ZI /nologo /W3 /WX- /sdl /Od /Oy- /D WIN32 /D _DEBUG /D _CONSOLE /D _LIB /D _UNICODE /D UNICODE /Gm /EHsc /RTC1 /MDd /GS /fp:precise /Zc:wchar_t /Zc:forScope /Fo"Debug\\" /Fd"Debug\vc120.pdb" /Gd /TC /analyze- /errorReport:prompt Practice.c
         Practice.c
     1>e:\2myb的c程序\vs\数据结构\链表练习\链表练习\practice.c(15): warning C4133: “函数”: 从“SListNode *”到“SList *”的类型不兼容
     1>e:\2myb的c程序\vs\数据结构\链表练习\链表练习\practice.c(111): warning C4028: 形参 2 与声明不同
     1>e:\2myb的c程序\vs\数据结构\链表练习\链表练习\practice.c(211): warning C4098: “MergeSList”:“void”函数返回值
     1>e:\2myb的c程序\vs\数据结构\链表练习\链表练习\practice.c(262): warning C4133: “=”: 从“SListNode *”到“SList *”的类型不兼容
     1>e:\2myb的c程序\vs\数据结构\链表练习\链表练习\practice.c(264): warning C4047: “函数”:“const SList *”与“SList **”的间接级别不同
     1>e:\2myb的c程序\vs\数据结构\链表练习\链表练习\practice.c(264): warning C4024: “SListPrint”: 形参和实参 1 的类型不同
     1>e:\2myb的c程序\vs\数据结构\链表练习\链表练习\practice.c(562): warning C4020: “FindEnterNode”: 实参太多
     1>e:\2myb的c程序\vs\数据结构\链表练习\链表练习\practice.c(604): warning C4716: “FindEnterNode”: 必须返回一个值
       Link:
         D:\VS\VC\bin\link.exe /ERRORREPORT:PROMPT /OUT:"E:\2myb的c程序\vs\数据结构\链表练习\Debug\链表练习.exe" /INCREMENTAL /NOLOGO kernel32.lib user32.lib gdi32.lib winspool.lib comdlg32.lib advapi32.lib shell32.lib ole32.lib oleaut32.lib uuid.lib odbc32.lib odbccp32.lib /MANIFEST /MANIFESTUAC:"level='asInvoker' uiAccess='false'" /manifest:embed /DEBUG /PDB:"E:\2myb的c程序\vs\数据结构\链表练习\Debug\链表练习.pdb" /SUBSYSTEM:CONSOLE /TLBID:1 /DYNAMICBASE /NXCOMPAT /IMPLIB:"E:\2myb的c程序\vs\数据结构\链表练习\Debug\链表练习.lib" /MACHINE:X86 Debug\Main.obj
         Debug\Practice.obj
         Debug\SList.obj
         LINK : 没有找到 E:\2myb的c程序\vs\数据结构\链表练习\Debug\链表练习.exe 或上一个增量链接没有生成它；正在执行完全链接
         链表练习.vcxproj -> E:\2myb的c程序\vs\数据结构\链表练习\Debug\链表练习.exe
     1>已完成生成项目“E:\2myb的c程序\vs\数据结构\链表练习\链表练习\链表练习.vcxproj”(Build 个目标)的操作。

生成成功。

已用时间 00:00:00.64
